  MyForm.cpp
e:\kirill\code\oap\project01\project2\myform.cpp(7): warning C4829: Возможно, неправильные параметры функции main. Рекомендуемый вариант - "int main(Platform::Array<Platform::String^>^ argv)"
  Source.cpp
e:\kirill\code\oap\project01\project2\source.cpp(5): warning C4566: символ, представленный универсальным именем символа "\u00A3", невозможно представить в текущей кодовой странице (1251)
e:\kirill\code\oap\project01\project2\source.cpp(5): warning C4566: символ, представленный универсальным именем символа "\u00BC", невозможно представить в текущей кодовой странице (1251)
e:\kirill\code\oap\project01\project2\source.cpp(5): warning C4566: символ, представленный универсальным именем символа "\u00BD", невозможно представить в текущей кодовой странице (1251)
e:\kirill\code\oap\project01\project2\source.cpp(5): warning C4566: символ, представленный универсальным именем символа "\u00BE", невозможно представить в текущей кодовой странице (1251)
e:\kirill\code\oap\project01\project2\source.cpp(5): warning C4566: символ, представленный универсальным именем символа "\u00D7", невозможно представить в текущей кодовой странице (1251)
e:\kirill\code\oap\project01\project2\source.cpp(5): warning C4566: символ, представленный универсальным именем символа "\u00F7", невозможно представить в текущей кодовой странице (1251)
e:\kirill\code\oap\project01\project2\source.cpp(5): warning C4566: символ, представленный универсальным именем символа "\u0192", невозможно представить в текущей кодовой странице (1251)
e:\kirill\code\oap\project01\project2\source.cpp(5): warning C4566: символ, представленный универсальным именем символа "\u0391", невозможно представить в текущей кодовой странице (1251)
e:\kirill\code\oap\project01\project2\source.cpp(5): warning C4566: символ, представленный универсальным именем символа "\u0392", невозможно представить в текущей кодовой странице (1251)
e:\kirill\code\oap\project01\project2\source.cpp(5): warning C4566: символ, представленный универсальным именем символа "\u0393", невозможно представить в текущей кодовой странице (1251)
e:\kirill\code\oap\project01\project2\source.cpp(5): warning C4566: символ, представленный универсальным именем символа "\u0394", невозможно представить в текущей кодовой странице (1251)
e:\kirill\code\oap\project01\project2\source.cpp(5): warning C4566: символ, представленный универсальным именем символа "\u0395", невозможно представить в текущей кодовой странице (1251)
e:\kirill\code\oap\project01\project2\source.cpp(5): warning C4566: символ, представленный универсальным именем символа "\u0396", невозможно представить в текущей кодовой странице (1251)
e:\kirill\code\oap\project01\project2\source.cpp(5): warning C4566: символ, представленный универсальным именем символа "\u0397", невозможно представить в текущей кодовой странице (1251)
e:\kirill\code\oap\project01\project2\source.cpp(5): warning C4566: символ, представленный универсальным именем символа "\u0398", невозможно представить в текущей кодовой странице (1251)
e:\kirill\code\oap\project01\project2\source.cpp(5): warning C4566: символ, представленный универсальным именем символа "\u0399", невозможно представить в текущей кодовой странице (1251)
e:\kirill\code\oap\project01\project2\source.cpp(5): warning C4566: символ, представленный универсальным именем символа "\u039A", невозможно представить в текущей кодовой странице (1251)
e:\kirill\code\oap\project01\project2\source.cpp(5): warning C4566: символ, представленный универсальным именем символа "\u039B", невозможно представить в текущей кодовой странице (1251)
e:\kirill\code\oap\project01\project2\source.cpp(5): warning C4566: символ, представленный универсальным именем символа "\u039C", невозможно представить в текущей кодовой странице (1251)
e:\kirill\code\oap\project01\project2\source.cpp(5): warning C4566: символ, представленный универсальным именем символа "\u039D", невозможно представить в текущей кодовой странице (1251)
e:\kirill\code\oap\project01\project2\source.cpp(5): warning C4566: символ, представленный универсальным именем символа "\u039E", невозможно представить в текущей кодовой странице (1251)
e:\kirill\code\oap\project01\project2\source.cpp(5): warning C4566: символ, представленный универсальным именем символа "\u039F", невозможно представить в текущей кодовой странице (1251)
e:\kirill\code\oap\project01\project2\source.cpp(5): warning C4566: символ, представленный универсальным именем символа "\u03A0", невозможно представить в текущей кодовой странице (1251)
e:\kirill\code\oap\project01\project2\source.cpp(5): warning C4566: символ, представленный универсальным именем символа "\u03A1", невозможно представить в текущей кодовой странице (1251)
e:\kirill\code\oap\project01\project2\source.cpp(5): warning C4566: символ, представленный универсальным именем символа "\u03A3", невозможно представить в текущей кодовой странице (1251)
e:\kirill\code\oap\project01\project2\source.cpp(5): warning C4566: символ, представленный универсальным именем символа "\u03A4", невозможно представить в текущей кодовой странице (1251)
e:\kirill\code\oap\project01\project2\source.cpp(5): warning C4566: символ, представленный универсальным именем символа "\u03A5", невозможно представить в текущей кодовой странице (1251)
e:\kirill\code\oap\project01\project2\source.cpp(5): warning C4566: символ, представленный универсальным именем символа "\u03A6", невозможно представить в текущей кодовой странице (1251)
e:\kirill\code\oap\project01\project2\source.cpp(5): warning C4566: символ, представленный универсальным именем символа "\u03A7", невозможно представить в текущей кодовой странице (1251)
e:\kirill\code\oap\project01\project2\source.cpp(5): warning C4566: символ, представленный универсальным именем символа "\u03A8", невозможно представить в текущей кодовой странице (1251)
e:\kirill\code\oap\project01\project2\source.cpp(5): warning C4566: символ, представленный универсальным именем символа "\u03A9", невозможно представить в текущей кодовой странице (1251)
e:\kirill\code\oap\project01\project2\source.cpp(5): warning C4566: символ, представленный универсальным именем символа "\u03B1", невозможно представить в текущей кодовой странице (1251)
e:\kirill\code\oap\project01\project2\source.cpp(5): warning C4566: символ, представленный универсальным именем символа "\u03B2", невозможно представить в текущей кодовой странице (1251)
e:\kirill\code\oap\project01\project2\source.cpp(5): warning C4566: символ, представленный универсальным именем символа "\u03B3", невозможно представить в текущей кодовой странице (1251)
e:\kirill\code\oap\project01\project2\source.cpp(5): warning C4566: символ, представленный универсальным именем символа "\u03B4", невозможно представить в текущей кодовой странице (1251)
e:\kirill\code\oap\project01\project2\source.cpp(5): warning C4566: символ, представленный универсальным именем символа "\u03B5", невозможно представить в текущей кодовой странице (1251)
e:\kirill\code\oap\project01\project2\source.cpp(5): warning C4566: символ, представленный универсальным именем символа "\u03B6", невозможно представить в текущей кодовой странице (1251)
e:\kirill\code\oap\project01\project2\source.cpp(5): warning C4566: символ, представленный универсальным именем символа "\u03B7", невозможно представить в текущей кодовой странице (1251)
e:\kirill\code\oap\project01\project2\source.cpp(5): warning C4566: символ, представленный универсальным именем символа "\u03B8", невозможно представить в текущей кодовой странице (1251)
e:\kirill\code\oap\project01\project2\source.cpp(5): warning C4566: символ, представленный универсальным именем символа "\u03B9", невозможно представить в текущей кодовой странице (1251)
e:\kirill\code\oap\project01\project2\source.cpp(5): warning C4566: символ, представленный универсальным именем символа "\u03BA", невозможно представить в текущей кодовой странице (1251)
e:\kirill\code\oap\project01\project2\source.cpp(5): warning C4566: символ, представленный универсальным именем символа "\u03BB", невозможно представить в текущей кодовой странице (1251)
e:\kirill\code\oap\project01\project2\source.cpp(5): warning C4566: символ, представленный универсальным именем символа "\u03BC", невозможно представить в текущей кодовой странице (1251)
e:\kirill\code\oap\project01\project2\source.cpp(5): warning C4566: символ, представленный универсальным именем символа "\u03BD", невозможно представить в текущей кодовой странице (1251)
e:\kirill\code\oap\project01\project2\source.cpp(5): warning C4566: символ, представленный универсальным именем символа "\u03BE", невозможно представить в текущей кодовой странице (1251)
e:\kirill\code\oap\project01\project2\source.cpp(5): warning C4566: символ, представленный универсальным именем символа "\u03BF", невозможно представить в текущей кодовой странице (1251)
e:\kirill\code\oap\project01\project2\source.cpp(5): warning C4566: символ, представленный универсальным именем символа "\u03C0", невозможно представить в текущей кодовой странице (1251)
e:\kirill\code\oap\project01\project2\source.cpp(5): warning C4566: символ, представленный универсальным именем символа "\u03C1", невозможно представить в текущей кодовой странице (1251)
e:\kirill\code\oap\project01\project2\source.cpp(5): warning C4566: символ, представленный универсальным именем символа "\u03C2", невозможно представить в текущей кодовой странице (1251)
e:\kirill\code\oap\project01\project2\source.cpp(5): warning C4566: символ, представленный универсальным именем символа "\u03C3", невозможно представить в текущей кодовой странице (1251)
e:\kirill\code\oap\project01\project2\source.cpp(5): warning C4566: символ, представленный универсальным именем символа "\u03C4", невозможно представить в текущей кодовой странице (1251)
e:\kirill\code\oap\project01\project2\source.cpp(5): warning C4566: символ, представленный универсальным именем символа "\u03C5", невозможно представить в текущей кодовой странице (1251)
e:\kirill\code\oap\project01\project2\source.cpp(5): warning C4566: символ, представленный универсальным именем символа "\u03C6", невозможно представить в текущей кодовой странице (1251)
e:\kirill\code\oap\project01\project2\source.cpp(5): warning C4566: символ, представленный универсальным именем символа "\u03C7", невозможно представить в текущей кодовой странице (1251)
e:\kirill\code\oap\project01\project2\source.cpp(5): warning C4566: символ, представленный универсальным именем символа "\u03C8", невозможно представить в текущей кодовой странице (1251)
e:\kirill\code\oap\project01\project2\source.cpp(5): warning C4566: символ, представленный универсальным именем символа "\u03C9", невозможно представить в текущей кодовой странице (1251)
e:\kirill\code\oap\project01\project2\source.cpp(5): warning C4566: символ, представленный универсальным именем символа "\u2190", невозможно представить в текущей кодовой странице (1251)
e:\kirill\code\oap\project01\project2\source.cpp(5): warning C4566: символ, представленный универсальным именем символа "\u2191", невозможно представить в текущей кодовой странице (1251)
e:\kirill\code\oap\project01\project2\source.cpp(5): warning C4566: символ, представленный универсальным именем символа "\u2192", невозможно представить в текущей кодовой странице (1251)
e:\kirill\code\oap\project01\project2\source.cpp(5): warning C4566: символ, представленный универсальным именем символа "\u2193", невозможно представить в текущей кодовой странице (1251)
e:\kirill\code\oap\project01\project2\source.cpp(5): warning C4566: символ, представленный универсальным именем символа "\u2194", невозможно представить в текущей кодовой странице (1251)
e:\kirill\code\oap\project01\project2\source.cpp(5): warning C4566: символ, представленный универсальным именем символа "\u2660", невозможно представить в текущей кодовой странице (1251)
e:\kirill\code\oap\project01\project2\source.cpp(5): warning C4566: символ, представленный универсальным именем символа "\u2663", невозможно представить в текущей кодовой странице (1251)
e:\kirill\code\oap\project01\project2\source.cpp(5): warning C4566: символ, представленный универсальным именем символа "\u2665", невозможно представить в текущей кодовой странице (1251)
e:\kirill\code\oap\project01\project2\source.cpp(5): warning C4566: символ, представленный универсальным именем символа "\u2666", невозможно представить в текущей кодовой странице (1251)
e:\kirill\code\oap\project01\project2\source.cpp(5): warning C4566: символ, представленный универсальным именем символа "\u2032", невозможно представить в текущей кодовой странице (1251)
e:\kirill\code\oap\project01\project2\source.cpp(5): warning C4566: символ, представленный универсальным именем символа "\u2033", невозможно представить в текущей кодовой странице (1251)
  Создание кода...
  .NETFramework,Version=v4.6.1.AssemblyAttributes.cpp
LINK : fatal error LNK1561: точка входа должна быть определена
